<?xml version="1.0" encoding="UTF-8"?>
<!-- Generated by org.testng.reporters.JUnitXMLReporter -->
<testsuite hostname="RONY-POOJA" ignored="0" name="Utlimateqa-WEEK15-Hw-Pooja" tests="2" failures="0" timestamp="2022-12-12T13:09:40 GMT" time="16.389" errors="0">
  <testcase name="userShouldNavigateToLoginPageSuccessfully" time="1.528" classname="com.ultimateqa.courses.testsuite.LoginPageTest"/>
  <testcase name="verifyTheErrorMessage" time="2.971" classname="com.ultimateqa.courses.testsuite.LoginPageTest"/>
</testsuite> <!-- Utlimateqa-WEEK15-Hw-Pooja -->
